▲ Next.js 16.2.1 (Turbopack)

  Creating an optimized production build ...

> Build error occurred
Error: Turbopack build failed with 4 errors:
./src/app/(public)/age-gate/page.tsx:5:1
Module not found: Can't resolve '@/lib/store'
  [90m3 |[0m [36mimport[0m { useState } [36mfrom[0m [32m'react'[0m;
  [90m4 |[0m [36mimport[0m { useRouter } [36mfrom[0m [32m'next/navigation'[0m;
[31m[1m>[0m [90m5 |[0m [36mimport[0m { useAppStore } [36mfrom[0m [32m'@/lib/store'[0m;
  [90m  |[0m [31m[1m^^^^^^^^^^^^^^^^^^^^^^^^^^^^^^^^^^^^^^^^^^[0m
  [90m6 |[0m [36mimport[0m { [33mButton[0m } [36mfrom[0m [32m'@/components/ui/Button'[0m;
  [90m7 |[0m [36mimport[0m { [33mCard[0m } [36mfrom[0m [32m'@/components/ui/Card'[0m;
  [90m8 |[0m

Import map: aliased to relative './src/lib/store' inside of [project]/


Import traces:
  Client Component Browser:
    ./src/app/(public)/age-gate/page.tsx [Client Component Browser]
    ./src/app/(public)/age-gate/page.tsx [Server Component]

  Client Component SSR:
    ./src/app/(public)/age-gate/page.tsx [Client Component SSR]
    ./src/app/(public)/age-gate/page.tsx [Server Component]

https://nextjs.org/docs/messages/module-not-found


./src/app/(public)/register/page.tsx:5:1
Module not found: Can't resolve '@/lib/store'
  [90m3 |[0m [36mimport[0m { useState } [36mfrom[0m [32m'react'[0m;
  [90m4 |[0m [36mimport[0m { useRouter } [36mfrom[0m [32m'next/navigation'[0m;
[31m[1m>[0m [90m5 |[0m [36mimport[0m { useAppStore } [36mfrom[0m [32m'@/lib/store'[0m;
  [90m  |[0m [31m[1m^^^^^^^^^^^^^^^^^^^^^^^^^^^^^^^^^^^^^^^^^^[0m
  [90m6 |[0m [36mimport[0m { [33mButton[0m } [36mfrom[0m [32m'@/components/ui/Button'[0m;
  [90m7 |[0m [36mimport[0m { [33mCard[0m } [36mfrom[0m [32m'@/components/ui/Card'[0m;
  [90m8 |[0m [36mimport[0m { [33mInput[0m } [36mfrom[0m [32m'@/components/ui/Input'[0m;

Import map: aliased to relative './src/lib/store' inside of [project]/


Import traces:
  Client Component Browser:
    ./src/app/(public)/register/page.tsx [Client Component Browser]
    ./src/app/(public)/register/page.tsx [Server Component]

  Client Component SSR:
    ./src/app/(public)/register/page.tsx [Client Component SSR]
    ./src/app/(public)/register/page.tsx [Server Component]

https://nextjs.org/docs/messages/module-not-found


./src/components/guards/AgeGuard.tsx:3:1
Module not found: Can't resolve '@/lib/store'
  [90m1 |[0m [32m'use client'[0m;
  [90m2 |[0m
[31m[1m>[0m [90m3 |[0m [36mimport[0m { useAppStore } [36mfrom[0m [32m'@/lib/store'[0m;
  [90m  |[0m [31m[1m^^^^^^^^^^^^^^^^^^^^^^^^^^^^^^^^^^^^^^^^^^[0m
  [90m4 |[0m [36mimport[0m { useRouter, usePathname } [36mfrom[0m [32m'next/navigation'[0m;
  [90m5 |[0m [36mimport[0m { useEffect, useState } [36mfrom[0m [32m'react'[0m;
  [90m6 |[0m

Import map: aliased to relative './src/lib/store' inside of [project]/


Import traces:
  Client Component Browser:
    ./src/components/guards/AgeGuard.tsx [Client Component Browser]
    ./src/components/app-shell/AppShell.tsx [Client Component Browser]
    ./src/components/app-shell/AppShell.tsx [Server Component]
    ./src/app/layout.tsx [Server Component]

  Client Component SSR:
    ./src/components/guards/AgeGuard.tsx [Client Component SSR]
    ./src/components/app-shell/AppShell.tsx [Client Component SSR]
    ./src/components/app-shell/AppShell.tsx [Server Component]
    ./src/app/layout.tsx [Server Component]

https://nextjs.org/docs/messages/module-not-found


./src/components/guards/AuthGuard.tsx:3:1
Module not found: Can't resolve '@/lib/store'
  [90m1 |[0m [32m'use client'[0m;
  [90m2 |[0m
[31m[1m>[0m [90m3 |[0m [36mimport[0m { useAppStore } [36mfrom[0m [32m'@/lib/store'[0m;
  [90m  |[0m [31m[1m^^^^^^^^^^^^^^^^^^^^^^^^^^^^^^^^^^^^^^^^^^[0m
  [90m4 |[0m [36mimport[0m { useRouter, usePathname } [36mfrom[0m [32m'next/navigation'[0m;
  [90m5 |[0m [36mimport[0m { useEffect, useState } [36mfrom[0m [32m'react'[0m;
  [90m6 |[0m

Import map: aliased to relative './src/lib/store' inside of [project]/


Import traces:
  Client Component Browser:
    ./src/components/guards/AuthGuard.tsx [Client Component Browser]
    ./src/components/app-shell/AppShell.tsx [Client Component Browser]
    ./src/components/app-shell/AppShell.tsx [Server Component]
    ./src/app/layout.tsx [Server Component]

  Client Component SSR:
    ./src/components/guards/AuthGuard.tsx [Client Component SSR]
    ./src/components/app-shell/AppShell.tsx [Client Component SSR]
    ./src/components/app-shell/AppShell.tsx [Server Component]
    ./src/app/layout.tsx [Server Component]

https://nextjs.org/docs/messages/module-not-found


    at <unknown> (./src/app/(public)/age-gate/page.tsx:5:1)
    at <unknown> (https://nextjs.org/docs/messages/module-not-found)
    at <unknown> (./src/app/(public)/register/page.tsx:5:1)
    at <unknown> (https://nextjs.org/docs/messages/module-not-found)
    at <unknown> (./src/components/guards/AgeGuard.tsx:3:1)
    at <unknown> (https://nextjs.org/docs/messages/module-not-found)
    at <unknown> (./src/components/guards/AuthGuard.tsx:3:1)
    at <unknown> (https://nextjs.org/docs/messages/module-not-found)
