
C:\Users\Rocky\Desktop\IDEA2one\cheersbuddy\src\app\(public)\register\page.tsx
  37:57  error  Unexpected any. Specify a different type  @typescript-eslint/no-explicit-any
  38:44  error  Unexpected any. Specify a different type  @typescript-eslint/no-explicit-any

C:\Users\Rocky\Desktop\IDEA2one\cheersbuddy\src\components\app-shell\AppShell.tsx
  12:5  error  Error: Calling setState synchronously within an effect can trigger cascading renders

Effects are intended to synchronize state between React and external systems such as manually updating the DOM, state management libraries, or other platform APIs. In general, the body of an effect should do one or both of the following:
* Update external systems with the latest state from React.
* Subscribe for updates from some external system, calling setState in a callback function when external state changes.

Calling setState synchronously within an effect body causes cascading renders that can hurt performance, and is not recommended. (https://react.dev/learn/you-might-not-need-an-effect).

C:\Users\Rocky\Desktop\IDEA2one\cheersbuddy\src\components\app-shell\AppShell.tsx:12:5
  10 |   
  11 |   useEffect(() => {
> 12 |     setMounted(true);
     |     ^^^^^^^^^^ Avoid calling setState() directly within an effect
  13 |   }, []);
  14 |
  15 |   return (  react-hooks/set-state-in-effect

C:\Users\Rocky\Desktop\IDEA2one\cheersbuddy\src\components\guards\AgeGuard.tsx
  14:5  error  Error: Calling setState synchronously within an effect can trigger cascading renders

Effects are intended to synchronize state between React and external systems such as manually updating the DOM, state management libraries, or other platform APIs. In general, the body of an effect should do one or both of the following:
* Update external systems with the latest state from React.
* Subscribe for updates from some external system, calling setState in a callback function when external state changes.

Calling setState synchronously within an effect body causes cascading renders that can hurt performance, and is not recommended. (https://react.dev/learn/you-might-not-need-an-effect).

C:\Users\Rocky\Desktop\IDEA2one\cheersbuddy\src\components\guards\AgeGuard.tsx:14:5
  12 |
  13 |   useEffect(() => {
> 14 |     setMounted(true);
     |     ^^^^^^^^^^ Avoid calling setState() directly within an effect
  15 |   }, []);
  16 |
  17 |   useEffect(() => {  react-hooks/set-state-in-effect

C:\Users\Rocky\Desktop\IDEA2one\cheersbuddy\src\components\guards\AuthGuard.tsx
  14:5  error  Error: Calling setState synchronously within an effect can trigger cascading renders

Effects are intended to synchronize state between React and external systems such as manually updating the DOM, state management libraries, or other platform APIs. In general, the body of an effect should do one or both of the following:
* Update external systems with the latest state from React.
* Subscribe for updates from some external system, calling setState in a callback function when external state changes.

Calling setState synchronously within an effect body causes cascading renders that can hurt performance, and is not recommended. (https://react.dev/learn/you-might-not-need-an-effect).

C:\Users\Rocky\Desktop\IDEA2one\cheersbuddy\src\components\guards\AuthGuard.tsx:14:5
  12 |
  13 |   useEffect(() => {
> 14 |     setMounted(true);
     |     ^^^^^^^^^^ Avoid calling setState() directly within an effect
  15 |   }, []);
  16 |
  17 |   useEffect(() => {  react-hooks/set-state-in-effect

✖ 5 problems (5 errors, 0 warnings)

